<?xml version="1.0" encoding="UTF-8"?>
<!-- Generated by org.testng.reporters.JUnitReportReporter -->
<testsuite skipped="0" hostname="LAPTOP-OT5FJEMN" name="com.eigentech.AppTest" tests="1" failures="0" timestamp="27 Mar 2022 11:47:20 GMT" time="0.011" errors="0">
  <testcase name="shouldAnswerWithTrue" time="0.011" classname="com.eigentech.AppTest"/>
</testsuite> <!-- com.eigentech.AppTest -->
